# JRE version: OpenJDK Runtime Environment (17.0.6) (build 17.0.6+0-b2043.56-9586694)
# Java VM: OpenJDK 64-Bit Server VM (17.0.6+0-b2043.56-9586694, mixed mode, tiered, compressed oops, compressed class ptrs, g1 gc, windows-amd64)
GC Precious Log:
 CPUs: 8 total, 8 available
 Memory: 16225M
 Large Page Support: Disabled
 NUMA Support: Disabled
 Compressed Oops: Enabled (Zero based)
 Heap Region Size: 2M
 Heap Min Capacity: 8M
 Heap Initial Capacity: 254M
 Heap Max Capacity: 4G
 Pre-touch: Disabled
 Parallel Workers: 8
 Concurrent Workers: 2
 Concurrent Refinement Workers: 8
 Periodic GC: Disabled
Heap:
 garbage-first heap   total 761856K, used 321581K [0x0000000700000000, 0x0000000800000000)
  region size 2048K, 2 young (4096K), 2 survivors (4096K)
 Metaspace       used 175051K, committed 176384K, reserved 1204224K
  class space    used 23621K, committed 24256K, reserved 1048576K
GC Heap History (20 events):
Event: 60.108 GC heap after
{Heap after GC invocations=71 (full 0):
 garbage-first heap   total 628736K, used 338309K [0x0000000700000000, 0x0000000800000000)
  region size 2048K, 6 young (12288K), 6 survivors (12288K)
 Metaspace       used 153626K, committed 154816K, reserved 1187840K
  class space    used 20397K, committed 20992K, reserved 1048576K
}
Event: 60.190 GC heap before
{Heap before GC invocations=71 (full 0):
 garbage-first heap   total 628736K, used 354693K [0x0000000700000000, 0x0000000800000000)
  region size 2048K, 15 young (30720K), 6 survivors (12288K)
 Metaspace       used 154197K, committed 155456K, reserved 1187840K
  class space    used 20480K, committed 21056K, reserved 1048576K
}
Event: 60.200 GC heap after
{Heap after GC invocations=72 (full 0):
 garbage-first heap   total 755712K, used 331049K [0x0000000700000000, 0x0000000800000000)
  region size 2048K, 2 young (4096K), 2 survivors (4096K)
 Metaspace       used 154197K, committed 155456K, reserved 1187840K
  class space    used 20480K, committed 21056K, reserved 1048576K
}
Event: 61.702 GC heap before
{Heap before GC invocations=72 (full 0):
 garbage-first heap   total 755712K, used 621865K [0x0000000700000000, 0x0000000800000000)
  region size 2048K, 145 young (296960K), 2 survivors (4096K)
 Metaspace       used 165105K, committed 166400K, reserved 1196032K
  class space    used 22136K, committed 22720K, reserved 1048576K
}
Event: 61.724 GC heap after
{Heap after GC invocations=73 (full 0):
 garbage-first heap   total 755712K, used 365250K [0x0000000700000000, 0x0000000800000000)
  region size 2048K, 19 young (38912K), 19 survivors (38912K)
 Metaspace       used 165105K, committed 166400K, reserved 1196032K
  class space    used 22136K, committed 22720K, reserved 1048576K
}
Event: 61.948 GC heap before
{Heap before GC invocations=73 (full 0):
 garbage-first heap   total 755712K, used 418498K [0x0000000700000000, 0x0000000800000000)
  region size 2048K, 46 young (94208K), 19 survivors (38912K)
 Metaspace       used 167220K, committed 168448K, reserved 1196032K
  class space    used 22534K, committed 23104K, reserved 1048576K
}
Event: 61.970 GC heap after
{Heap after GC invocations=74 (full 0):
 garbage-first heap   total 755712K, used 375639K [0x0000000700000000, 0x0000000800000000)
  region size 2048K, 6 young (12288K), 6 survivors (12288K)
 Metaspace       used 167220K, committed 168448K, reserved 1196032K
  class space    used 22534K, committed 23104K, reserved 1048576K
}
Event: 62.715 GC heap before
{Heap before GC invocations=75 (full 0):
 garbage-first heap   total 755712K, used 582487K [0x0000000700000000, 0x0000000800000000)
  region size 2048K, 124 young (253952K), 6 survivors (12288K)
 Metaspace       used 168829K, committed 170048K, reserved 1196032K
  class space    used 22789K, committed 23360K, reserved 1048576K
}
Event: 62.730 GC heap after
{Heap after GC invocations=76 (full 0):
 garbage-first heap   total 755712K, used 346865K [0x0000000700000000, 0x0000000800000000)
  region size 2048K, 14 young (28672K), 14 survivors (28672K)
 Metaspace       used 168829K, committed 170048K, reserved 1196032K
  class space    used 22789K, committed 23360K, reserved 1048576K
}
Event: 62.749 GC heap before
{Heap before GC invocations=76 (full 0):
 garbage-first heap   total 755712K, used 355057K [0x0000000700000000, 0x0000000800000000)
  region size 2048K, 18 young (36864K), 14 survivors (28672K)
 Metaspace       used 168906K, committed 170112K, reserved 1196032K
  class space    used 22790K, committed 23360K, reserved 1048576K
}
Event: 62.765 GC heap after
{Heap after GC invocations=77 (full 0):
 garbage-first heap   total 755712K, used 345382K [0x0000000700000000, 0x0000000800000000)
  region size 2048K, 2 young (4096K), 2 survivors (4096K)
 Metaspace       used 168906K, committed 170112K, reserved 1196032K
  class space    used 22790K, committed 23360K, reserved 1048576K
}
Event: 63.239 GC heap before
{Heap before GC invocations=77 (full 0):
 garbage-first heap   total 755712K, used 613670K [0x0000000700000000, 0x0000000800000000)
  region size 2048K, 133 young (272384K), 2 survivors (4096K)
 Metaspace       used 169686K, committed 171008K, reserved 1204224K
  class space    used 22889K, committed 23488K, reserved 1048576K
}
Event: 63.249 GC heap after
{Heap after GC invocations=78 (full 0):
 garbage-first heap   total 755712K, used 354626K [0x0000000700000000, 0x0000000800000000)
  region size 2048K, 7 young (14336K), 7 survivors (14336K)
 Metaspace       used 169686K, committed 171008K, reserved 1204224K
  class space    used 22889K, committed 23488K, reserved 1048576K
}
Event: 63.804 GC heap before
{Heap before GC invocations=78 (full 0):
 garbage-first heap   total 755712K, used 620866K [0x0000000700000000, 0x0000000800000000)
  region size 2048K, 137 young (280576K), 7 survivors (14336K)
 Metaspace       used 172256K, committed 173568K, reserved 1204224K
  class space    used 23290K, committed 23872K, reserved 1048576K
}
Event: 63.816 GC heap after
{Heap after GC invocations=79 (full 0):
 garbage-first heap   total 755712K, used 359980K [0x0000000700000000, 0x0000000800000000)
  region size 2048K, 10 young (20480K), 10 survivors (20480K)
 Metaspace       used 172256K, committed 173568K, reserved 1204224K
  class space    used 23290K, committed 23872K, reserved 1048576K
}
Event: 64.386 GC heap before
{Heap before GC invocations=79 (full 0):
 garbage-first heap   total 755712K, used 626220K [0x0000000700000000, 0x0000000800000000)
  region size 2048K, 141 young (288768K), 10 survivors (20480K)
 Metaspace       used 174350K, committed 175616K, reserved 1204224K
  class space    used 23624K, committed 24256K, reserved 1048576K
}
Event: 64.400 GC heap after
{Heap after GC invocations=80 (full 0):
 garbage-first heap   total 755712K, used 367832K [0x0000000700000000, 0x0000000800000000)
  region size 2048K, 13 young (26624K), 13 survivors (26624K)
 Metaspace       used 174350K, committed 175616K, reserved 1204224K
  class space    used 23624K, committed 24256K, reserved 1048576K
}
Event: 64.942 GC heap before
{Heap before GC invocations=81 (full 0):
 garbage-first heap   total 761856K, used 582872K [0x0000000700000000, 0x0000000800000000)
  region size 2048K, 143 young (292864K), 13 survivors (26624K)
 Metaspace       used 175038K, committed 176384K, reserved 1204224K
  class space    used 23621K, committed 24256K, reserved 1048576K
}
Event: 64.964 GC heap after
{Heap after GC invocations=82 (full 0):
 garbage-first heap   total 761856K, used 326123K [0x0000000700000000, 0x0000000800000000)
  region size 2048K, 12 young (24576K), 12 survivors (24576K)
 Metaspace       used 175038K, committed 176384K, reserved 1204224K
  class space    used 23621K, committed 24256K, reserved 1048576K
}
Event: 64.980 GC heap before
{Heap before GC invocations=82 (full 0):
 garbage-first heap   total 761856K, used 338411K [0x0000000700000000, 0x0000000800000000)
  region size 2048K, 18 young (36864K), 12 survivors (24576K)
 Metaspace       used 175051K, committed 176384K, reserved 1204224K
  class space    used 23621K, committed 24256K, reserved 1048576K
}

